# JRE version: OpenJDK Runtime Environment Temurin-17.0.4.1+1 (17.0.4.1+1) (build 17.0.4.1+1)
# Java VM: OpenJDK 64-Bit Server VM Temurin-17.0.4.1+1 (17.0.4.1+1, mixed mode, tiered, compressed oops, compressed class ptrs, parallel gc, windows-amd64)
GC Precious Log:
 CPUs: 16 total, 16 available
 Memory: 32533M
 Large Page Support: Disabled
 NUMA Support: Disabled
 Compressed Oops: Enabled (32-bit)
 Alignments: Space 512K, Generation 512K, Heap 2M
 Heap Min Capacity: 100M
 Heap Initial Capacity: 100M
 Heap Max Capacity: 1G
 Pre-touch: Disabled
 Parallel Workers: 13
Heap:
 PSYoungGen      total 9216K, used 5544K [0x00000000eab00000, 0x00000000eb700000, 0x0000000100000000)
  eden space 6144K, 71% used [0x00000000eab00000,0x00000000eaf4e008,0x00000000eb100000)
  from space 3072K, 36% used [0x00000000eb180000,0x00000000eb29c0d8,0x00000000eb480000)
  to   space 2048K, 0% used [0x00000000eb500000,0x00000000eb500000,0x00000000eb700000)
 ParOldGen       total 106496K, used 95971K [0x00000000c0000000, 0x00000000c6800000, 0x00000000eab00000)
  object space 106496K, 90% used [0x00000000c0000000,0x00000000c5db8d70,0x00000000c6800000)
 Metaspace       used 68939K, committed 69952K, reserved 1114112K
  class space    used 7165K, committed 7616K, reserved 1048576K
GC Heap History (20 events):
Event: 7.995 GC heap before
{Heap before GC invocations=53 (full 4):
 PSYoungGen      total 23040K, used 6144K [0x00000000eab00000, 0x00000000ed200000, 0x0000000100000000)
  eden space 6144K, 100% used [0x00000000eab00000,0x00000000eb100000,0x00000000eb100000)
  from space 16896K, 0% used [0x00000000eb100000,0x00000000eb100000,0x00000000ec180000)
  to   space 16896K, 0% used [0x00000000ec180000,0x00000000ec180000,0x00000000ed200000)
 ParOldGen       total 106496K, used 70069K [0x00000000c0000000, 0x00000000c6800000, 0x00000000eab00000)
  object space 106496K, 65% used [0x00000000c0000000,0x00000000c446d4d0,0x00000000c6800000)
 Metaspace       used 67437K, committed 68352K, reserved 1114112K
  class space    used 7004K, committed 7424K, reserved 1048576K
}
Event: 7.996 GC heap after
{Heap after GC invocations=53 (full 4):
 PSYoungGen      total 10752K, used 4480K [0x00000000eab00000, 0x00000000ec600000, 0x0000000100000000)
  eden space 6144K, 0% used [0x00000000eab00000,0x00000000eab00000,0x00000000eb100000)
  from space 4608K, 97% used [0x00000000ec180000,0x00000000ec5e0000,0x00000000ec600000)
  to   space 8192K, 0% used [0x00000000eb600000,0x00000000eb600000,0x00000000ebe00000)
 ParOldGen       total 106496K, used 70069K [0x00000000c0000000, 0x00000000c6800000, 0x00000000eab00000)
  object space 106496K, 65% used [0x00000000c0000000,0x00000000c446d4d0,0x00000000c6800000)
 Metaspace       used 67437K, committed 68352K, reserved 1114112K
  class space    used 7004K, committed 7424K, reserved 1048576K
}
Event: 8.005 GC heap before
{Heap before GC invocations=54 (full 4):
 PSYoungGen      total 10752K, used 10624K [0x00000000eab00000, 0x00000000ec600000, 0x0000000100000000)
  eden space 6144K, 100% used [0x00000000eab00000,0x00000000eb100000,0x00000000eb100000)
  from space 4608K, 97% used [0x00000000ec180000,0x00000000ec5e0000,0x00000000ec600000)
  to   space 8192K, 0% used [0x00000000eb600000,0x00000000eb600000,0x00000000ebe00000)
 ParOldGen       total 106496K, used 70069K [0x00000000c0000000, 0x00000000c6800000, 0x00000000eab00000)
  object space 106496K, 65% used [0x00000000c0000000,0x00000000c446d4d0,0x00000000c6800000)
 Metaspace       used 67437K, committed 68352K, reserved 1114112K
  class space    used 7004K, committed 7424K, reserved 1048576K
}
Event: 8.008 GC heap after
{Heap after GC invocations=54 (full 4):
 PSYoungGen      total 10752K, used 4416K [0x00000000eab00000, 0x00000000ec200000, 0x0000000100000000)
  eden space 6144K, 0% used [0x00000000eab00000,0x00000000eab00000,0x00000000eb100000)
  from space 4608K, 95% used [0x00000000eb600000,0x00000000eba50000,0x00000000eba80000)
  to   space 5120K, 0% used [0x00000000ebd00000,0x00000000ebd00000,0x00000000ec200000)
 ParOldGen       total 106496K, used 74445K [0x00000000c0000000, 0x00000000c6800000, 0x00000000eab00000)
  object space 106496K, 69% used [0x00000000c0000000,0x00000000c48b34d0,0x00000000c6800000)
 Metaspace       used 67437K, committed 68352K, reserved 1114112K
  class space    used 7004K, committed 7424K, reserved 1048576K
}
Event: 8.018 GC heap before
{Heap before GC invocations=55 (full 4):
 PSYoungGen      total 10752K, used 10560K [0x00000000eab00000, 0x00000000ec200000, 0x0000000100000000)
  eden space 6144K, 100% used [0x00000000eab00000,0x00000000eb100000,0x00000000eb100000)
  from space 4608K, 95% used [0x00000000eb600000,0x00000000eba50000,0x00000000eba80000)
  to   space 5120K, 0% used [0x00000000ebd00000,0x00000000ebd00000,0x00000000ec200000)
 ParOldGen       total 106496K, used 74445K [0x00000000c0000000, 0x00000000c6800000, 0x00000000eab00000)
  object space 106496K, 69% used [0x00000000c0000000,0x00000000c48b34d0,0x00000000c6800000)
 Metaspace       used 67437K, committed 68352K, reserved 1114112K
  class space    used 7004K, committed 7424K, reserved 1048576K
}
Event: 8.020 GC heap after
{Heap after GC invocations=55 (full 4):
 PSYoungGen      total 10752K, used 4480K [0x00000000eab00000, 0x00000000ec180000, 0x0000000100000000)
  eden space 6144K, 0% used [0x00000000eab00000,0x00000000eab00000,0x00000000eb100000)
  from space 4608K, 97% used [0x00000000ebd00000,0x00000000ec160000,0x00000000ec180000)
  to   space 4608K, 0% used [0x00000000eb600000,0x00000000eb600000,0x00000000eba80000)
 ParOldGen       total 106496K, used 78773K [0x00000000c0000000, 0x00000000c6800000, 0x00000000eab00000)
  object space 106496K, 73% used [0x00000000c0000000,0x00000000c4ced4d0,0x00000000c6800000)
 Metaspace       used 67437K, committed 68352K, reserved 1114112K
  class space    used 7004K, committed 7424K, reserved 1048576K
}
Event: 8.029 GC heap before
{Heap before GC invocations=56 (full 4):
 PSYoungGen      total 10752K, used 10624K [0x00000000eab00000, 0x00000000ec180000, 0x0000000100000000)
  eden space 6144K, 100% used [0x00000000eab00000,0x00000000eb100000,0x00000000eb100000)
  from space 4608K, 97% used [0x00000000ebd00000,0x00000000ec160000,0x00000000ec180000)
  to   space 4608K, 0% used [0x00000000eb600000,0x00000000eb600000,0x00000000eba80000)
 ParOldGen       total 106496K, used 78773K [0x00000000c0000000, 0x00000000c6800000, 0x00000000eab00000)
  object space 106496K, 73% used [0x00000000c0000000,0x00000000c4ced4d0,0x00000000c6800000)
 Metaspace       used 67437K, committed 68352K, reserved 1114112K
  class space    used 7004K, committed 7424K, reserved 1048576K
}
Event: 8.031 GC heap after
{Heap after GC invocations=56 (full 4):
 PSYoungGen      total 10752K, used 4544K [0x00000000eab00000, 0x00000000ebd80000, 0x0000000100000000)
  eden space 6144K, 0% used [0x00000000eab00000,0x00000000eab00000,0x00000000eb100000)
  from space 4608K, 98% used [0x00000000eb600000,0x00000000eba70000,0x00000000eba80000)
  to   space 3072K, 0% used [0x00000000eba80000,0x00000000eba80000,0x00000000ebd80000)
 ParOldGen       total 106496K, used 83109K [0x00000000c0000000, 0x00000000c6800000, 0x00000000eab00000)
  object space 106496K, 78% used [0x00000000c0000000,0x00000000c51294d0,0x00000000c6800000)
 Metaspace       used 67437K, committed 68352K, reserved 1114112K
  class space    used 7004K, committed 7424K, reserved 1048576K
}
Event: 8.039 GC heap before
{Heap before GC invocations=57 (full 4):
 PSYoungGen      total 10752K, used 10688K [0x00000000eab00000, 0x00000000ebd80000, 0x0000000100000000)
  eden space 6144K, 100% used [0x00000000eab00000,0x00000000eb100000,0x00000000eb100000)
  from space 4608K, 98% used [0x00000000eb600000,0x00000000eba70000,0x00000000eba80000)
  to   space 3072K, 0% used [0x00000000eba80000,0x00000000eba80000,0x00000000ebd80000)
 ParOldGen       total 106496K, used 83109K [0x00000000c0000000, 0x00000000c6800000, 0x00000000eab00000)
  object space 106496K, 78% used [0x00000000c0000000,0x00000000c51294d0,0x00000000c6800000)
 Metaspace       used 67437K, committed 68352K, reserved 1114112K
  class space    used 7004K, committed 7424K, reserved 1048576K
}
Event: 8.041 GC heap after
{Heap after GC invocations=57 (full 4):
 PSYoungGen      total 9216K, used 3072K [0x00000000eab00000, 0x00000000ec400000, 0x0000000100000000)
  eden space 6144K, 0% used [0x00000000eab00000,0x00000000eab00000,0x00000000eb100000)
  from space 3072K, 100% used [0x00000000eba80000,0x00000000ebd80000,0x00000000ebd80000)
  to   space 9728K, 0% used [0x00000000eb100000,0x00000000eb100000,0x00000000eba80000)
 ParOldGen       total 106496K, used 88709K [0x00000000c0000000, 0x00000000c6800000, 0x00000000eab00000)
  object space 106496K, 83% used [0x00000000c0000000,0x00000000c56a14d0,0x00000000c6800000)
 Metaspace       used 67437K, committed 68352K, reserved 1114112K
  class space    used 7004K, committed 7424K, reserved 1048576K
}
Event: 9.476 GC heap before
{Heap before GC invocations=58 (full 4):
 PSYoungGen      total 9216K, used 9216K [0x00000000eab00000, 0x00000000ec400000, 0x0000000100000000)
  eden space 6144K, 100% used [0x00000000eab00000,0x00000000eb100000,0x00000000eb100000)
  from space 3072K, 100% used [0x00000000eba80000,0x00000000ebd80000,0x00000000ebd80000)
  to   space 9728K, 0% used [0x00000000eb100000,0x00000000eb100000,0x00000000eba80000)
 ParOldGen       total 106496K, used 88709K [0x00000000c0000000, 0x00000000c6800000, 0x00000000eab00000)
  object space 106496K, 83% used [0x00000000c0000000,0x00000000c56a14d0,0x00000000c6800000)
 Metaspace       used 67952K, committed 68928K, reserved 1114112K
  class space    used 7100K, committed 7552K, reserved 1048576K
}
Event: 9.477 GC heap after
{Heap after GC invocations=58 (full 4):
 PSYoungGen      total 7680K, used 1056K [0x00000000eab00000, 0x00000000ebb00000, 0x0000000100000000)
  eden space 6144K, 0% used [0x00000000eab00000,0x00000000eab00000,0x00000000eb100000)
  from space 1536K, 68% used [0x00000000eb100000,0x00000000eb208000,0x00000000eb280000)
  to   space 4096K, 0% used [0x00000000eb700000,0x00000000eb700000,0x00000000ebb00000)
 ParOldGen       total 106496K, used 91837K [0x00000000c0000000, 0x00000000c6800000, 0x00000000eab00000)
  object space 106496K, 86% used [0x00000000c0000000,0x00000000c59af4d0,0x00000000c6800000)
 Metaspace       used 67952K, committed 68928K, reserved 1114112K
  class space    used 7100K, committed 7552K, reserved 1048576K
}
Event: 9.517 GC heap before
{Heap before GC invocations=59 (full 4):
 PSYoungGen      total 7680K, used 7199K [0x00000000eab00000, 0x00000000ebb00000, 0x0000000100000000)
  eden space 6144K, 99% used [0x00000000eab00000,0x00000000eb0fffe8,0x00000000eb100000)
  from space 1536K, 68% used [0x00000000eb100000,0x00000000eb208000,0x00000000eb280000)
  to   space 4096K, 0% used [0x00000000eb700000,0x00000000eb700000,0x00000000ebb00000)
 ParOldGen       total 106496K, used 91837K [0x00000000c0000000, 0x00000000c6800000, 0x00000000eab00000)
  object space 106496K, 86% used [0x00000000c0000000,0x00000000c59af4d0,0x00000000c6800000)
 Metaspace       used 68382K, committed 69440K, reserved 1114112K
  class space    used 7141K, committed 7616K, reserved 1048576K
}
Event: 9.518 GC heap after
{Heap after GC invocations=59 (full 4):
 PSYoungGen      total 7680K, used 1036K [0x00000000eab00000, 0x00000000eb880000, 0x0000000100000000)
  eden space 6144K, 0% used [0x00000000eab00000,0x00000000eab00000,0x00000000eb100000)
  from space 1536K, 67% used [0x00000000eb700000,0x00000000eb803288,0x00000000eb880000)
  to   space 1536K, 0% used [0x00000000eb100000,0x00000000eb100000,0x00000000eb280000)
 ParOldGen       total 106496K, used 92685K [0x00000000c0000000, 0x00000000c6800000, 0x00000000eab00000)
  object space 106496K, 87% used [0x00000000c0000000,0x00000000c5a834d0,0x00000000c6800000)
 Metaspace       used 68382K, committed 69440K, reserved 1114112K
  class space    used 7141K, committed 7616K, reserved 1048576K
}
Event: 9.547 GC heap before
{Heap before GC invocations=60 (full 4):
 PSYoungGen      total 7680K, used 7180K [0x00000000eab00000, 0x00000000eb880000, 0x0000000100000000)
  eden space 6144K, 100% used [0x00000000eab00000,0x00000000eb100000,0x00000000eb100000)
  from space 1536K, 67% used [0x00000000eb700000,0x00000000eb803288,0x00000000eb880000)
  to   space 1536K, 0% used [0x00000000eb100000,0x00000000eb100000,0x00000000eb280000)
 ParOldGen       total 106496K, used 92685K [0x00000000c0000000, 0x00000000c6800000, 0x00000000eab00000)
  object space 106496K, 87% used [0x00000000c0000000,0x00000000c5a834d0,0x00000000c6800000)
 Metaspace       used 68472K, committed 69504K, reserved 1114112K
  class space    used 7147K, committed 7616K, reserved 1048576K
}
Event: 9.548 GC heap after
{Heap after GC invocations=60 (full 4):
 PSYoungGen      total 7680K, used 832K [0x00000000eab00000, 0x00000000eb780000, 0x0000000100000000)
  eden space 6144K, 0% used [0x00000000eab00000,0x00000000eab00000,0x00000000eb100000)
  from space 1536K, 54% used [0x00000000eb100000,0x00000000eb1d0010,0x00000000eb280000)
  to   space 1024K, 0% used [0x00000000eb680000,0x00000000eb680000,0x00000000eb780000)
 ParOldGen       total 106496K, used 93301K [0x00000000c0000000, 0x00000000c6800000, 0x00000000eab00000)
  object space 106496K, 87% used [0x00000000c0000000,0x00000000c5b1d680,0x00000000c6800000)
 Metaspace       used 68472K, committed 69504K, reserved 1114112K
  class space    used 7147K, committed 7616K, reserved 1048576K
}
Event: 9.592 GC heap before
{Heap before GC invocations=61 (full 4):
 PSYoungGen      total 7680K, used 6976K [0x00000000eab00000, 0x00000000eb780000, 0x0000000100000000)
  eden space 6144K, 100% used [0x00000000eab00000,0x00000000eb100000,0x00000000eb100000)
  from space 1536K, 54% used [0x00000000eb100000,0x00000000eb1d0010,0x00000000eb280000)
  to   space 1024K, 0% used [0x00000000eb680000,0x00000000eb680000,0x00000000eb780000)
 ParOldGen       total 106496K, used 93301K [0x00000000c0000000, 0x00000000c6800000, 0x00000000eab00000)
  object space 106496K, 87% used [0x00000000c0000000,0x00000000c5b1d680,0x00000000c6800000)
 Metaspace       used 68533K, committed 69568K, reserved 1114112K
  class space    used 7155K, committed 7616K, reserved 1048576K
}
Event: 9.593 GC heap after
{Heap after GC invocations=61 (full 4):
 PSYoungGen      total 7168K, used 992K [0x00000000eab00000, 0x00000000eb780000, 0x0000000100000000)
  eden space 6144K, 0% used [0x00000000eab00000,0x00000000eab00000,0x00000000eb100000)
  from space 1024K, 96% used [0x00000000eb680000,0x00000000eb778010,0x00000000eb780000)
  to   space 3072K, 0% used [0x00000000eb180000,0x00000000eb180000,0x00000000eb480000)
 ParOldGen       total 106496K, used 94951K [0x00000000c0000000, 0x00000000c6800000, 0x00000000eab00000)
  object space 106496K, 89% used [0x00000000c0000000,0x00000000c5cb9d40,0x00000000c6800000)
 Metaspace       used 68533K, committed 69568K, reserved 1114112K
  class space    used 7155K, committed 7616K, reserved 1048576K
}
Event: 9.664 GC heap before
{Heap before GC invocations=62 (full 4):
 PSYoungGen      total 7168K, used 7136K [0x00000000eab00000, 0x00000000eb780000, 0x0000000100000000)
  eden space 6144K, 100% used [0x00000000eab00000,0x00000000eb100000,0x00000000eb100000)
  from space 1024K, 96% used [0x00000000eb680000,0x00000000eb778010,0x00000000eb780000)
  to   space 3072K, 0% used [0x00000000eb180000,0x00000000eb180000,0x00000000eb480000)
 ParOldGen       total 106496K, used 94951K [0x00000000c0000000, 0x00000000c6800000, 0x00000000eab00000)
  object space 106496K, 89% used [0x00000000c0000000,0x00000000c5cb9d40,0x00000000c6800000)
 Metaspace       used 68568K, committed 69568K, reserved 1114112K
  class space    used 7155K, committed 7616K, reserved 1048576K
}
Event: 9.665 GC heap after
{Heap after GC invocations=62 (full 4):
 PSYoungGen      total 9216K, used 1136K [0x00000000eab00000, 0x00000000eb700000, 0x0000000100000000)
  eden space 6144K, 0% used [0x00000000eab00000,0x00000000eab00000,0x00000000eb100000)
  from space 3072K, 36% used [0x00000000eb180000,0x00000000eb29c0d8,0x00000000eb480000)
  to   space 2048K, 0% used [0x00000000eb500000,0x00000000eb500000,0x00000000eb700000)
 ParOldGen       total 106496K, used 95971K [0x00000000c0000000, 0x00000000c6800000, 0x00000000eab00000)
  object space 106496K, 90% used [0x00000000c0000000,0x00000000c5db8d70,0x00000000c6800000)
 Metaspace       used 68568K, committed 69568K, reserved 1114112K
  class space    used 7155K, committed 7616K, reserved 1048576K
}

