# JRE version: OpenJDK Runtime Environment AdoptOpenJDK-11.0.11+9 (11.0.11+9) (build 11.0.11+9)
# Java VM: OpenJDK 64-Bit Server VM AdoptOpenJDK-11.0.11+9 (11.0.11+9, mixed mode, tiered, compressed oops, g1 gc, windows-amd64)
Heap:
 garbage-first heap   total 522240K, used 56836K [0x0000000603a00000, 0x0000000800000000)
  region size 2048K, 27 young (55296K), 4 survivors (8192K)
 Metaspace       used 41441K, capacity 42517K, committed 42672K, reserved 1087488K
  class space    used 4918K, capacity 5345K, committed 5376K, reserved 1048576K
GC Heap History (10 events):
Event: 1.067 GC heap before
{Heap before GC invocations=0 (full 0):
 garbage-first heap   total 522240K, used 22528K [0x0000000603a00000, 0x0000000800000000)
  region size 2048K, 12 young (24576K), 0 survivors (0K)
 Metaspace       used 12756K, capacity 13040K, committed 13184K, reserved 1060864K
  class space    used 1248K, capacity 1354K, committed 1408K, reserved 1048576K
}
Event: 1.070 GC heap after
{Heap after GC invocations=1 (full 0):
 garbage-first heap   total 522240K, used 5237K [0x0000000603a00000, 0x0000000800000000)
  region size 2048K, 2 young (4096K), 2 survivors (4096K)
 Metaspace       used 12756K, capacity 13040K, committed 13184K, reserved 1060864K
  class space    used 1248K, capacity 1354K, committed 1408K, reserved 1048576K
}
Event: 1.563 GC heap before
{Heap before GC invocations=1 (full 0):
 garbage-first heap   total 522240K, used 35957K [0x0000000603a00000, 0x0000000800000000)
  region size 2048K, 18 young (36864K), 2 survivors (4096K)
 Metaspace       used 20739K, capacity 21166K, committed 21296K, reserved 1069056K
  class space    used 2207K, capacity 2368K, committed 2432K, reserved 1048576K
}
Event: 1.566 GC heap after
{Heap after GC invocations=2 (full 0):
 garbage-first heap   total 522240K, used 6884K [0x0000000603a00000, 0x0000000800000000)
  region size 2048K, 3 young (6144K), 3 survivors (6144K)
 Metaspace       used 20739K, capacity 21166K, committed 21296K, reserved 1069056K
  class space    used 2207K, capacity 2368K, committed 2432K, reserved 1048576K
}
Event: 1.874 GC heap before
{Heap before GC invocations=3 (full 0):
 garbage-first heap   total 522240K, used 45796K [0x0000000603a00000, 0x0000000800000000)
  region size 2048K, 22 young (45056K), 3 survivors (6144K)
 Metaspace       used 27839K, capacity 28414K, committed 28592K, reserved 1075200K
  class space    used 3240K, capacity 3477K, committed 3584K, reserved 1048576K
}
Event: 1.877 GC heap after
{Heap after GC invocations=4 (full 0):
 garbage-first heap   total 522240K, used 8658K [0x0000000603a00000, 0x0000000800000000)
  region size 2048K, 2 young (4096K), 2 survivors (4096K)
 Metaspace       used 27839K, capacity 28414K, committed 28592K, reserved 1075200K
  class space    used 3240K, capacity 3477K, committed 3584K, reserved 1048576K
}
Event: 2.630 GC heap before
{Heap before GC invocations=4 (full 0):
 garbage-first heap   total 522240K, used 70098K [0x0000000603a00000, 0x0000000800000000)
  region size 2048K, 32 young (65536K), 2 survivors (4096K)
 Metaspace       used 34705K, capacity 35547K, committed 35632K, reserved 1081344K
  class space    used 4106K, capacity 4434K, committed 4480K, reserved 1048576K
}
Event: 2.633 GC heap after
{Heap after GC invocations=5 (full 0):
 garbage-first heap   total 522240K, used 11599K [0x0000000603a00000, 0x0000000800000000)
  region size 2048K, 4 young (8192K), 4 survivors (8192K)
 Metaspace       used 34705K, capacity 35547K, committed 35632K, reserved 1081344K
  class space    used 4106K, capacity 4434K, committed 4480K, reserved 1048576K
}
Event: 2.660 GC heap before
{Heap before GC invocations=5 (full 0):
 garbage-first heap   total 522240K, used 11599K [0x0000000603a00000, 0x0000000800000000)
  region size 2048K, 5 young (10240K), 4 survivors (8192K)
 Metaspace       used 34948K, capacity 35790K, committed 35888K, reserved 1081344K
  class space    used 4136K, capacity 4449K, committed 4480K, reserved 1048576K
}
Event: 2.664 GC heap after
{Heap after GC invocations=6 (full 0):
 garbage-first heap   total 522240K, used 11780K [0x0000000603a00000, 0x0000000800000000)
  region size 2048K, 4 young (8192K), 4 survivors (8192K)
 Metaspace       used 34948K, capacity 35790K, committed 35888K, reserved 1081344K
  class space    used 4136K, capacity 4449K, committed 4480K, reserved 1048576K
}

