# JRE version: OpenJDK Runtime Environment AdoptOpenJDK-11.0.11+9 (11.0.11+9) (build 11.0.11+9)
# Java VM: OpenJDK 64-Bit Server VM AdoptOpenJDK-11.0.11+9 (11.0.11+9, mixed mode, tiered, compressed oops, g1 gc, windows-amd64)
Heap:
 garbage-first heap   total 522240K, used 24682K [0x0000000603a00000, 0x0000000800000000)
  region size 2048K, 11 young (22528K), 7 survivors (14336K)
 Metaspace       used 49505K, capacity 50847K, committed 50992K, reserved 1093632K
  class space    used 5897K, capacity 6448K, committed 6528K, reserved 1048576K
GC Heap History (10 events):
Event: 0.641 GC heap before
{Heap before GC invocations=0 (full 0):
 garbage-first heap   total 522240K, used 22528K [0x0000000603a00000, 0x0000000800000000)
  region size 2048K, 12 young (24576K), 0 survivors (0K)
 Metaspace       used 13207K, capacity 13526K, committed 13696K, reserved 1060864K
  class space    used 1297K, capacity 1389K, committed 1408K, reserved 1048576K
}
Event: 0.644 GC heap after
{Heap after GC invocations=1 (full 0):
 garbage-first heap   total 522240K, used 5199K [0x0000000603a00000, 0x0000000800000000)
  region size 2048K, 2 young (4096K), 2 survivors (4096K)
 Metaspace       used 13207K, capacity 13526K, committed 13696K, reserved 1060864K
  class space    used 1297K, capacity 1389K, committed 1408K, reserved 1048576K
}
Event: 0.987 GC heap before
{Heap before GC invocations=1 (full 0):
 garbage-first heap   total 522240K, used 33871K [0x0000000603a00000, 0x0000000800000000)
  region size 2048K, 17 young (34816K), 2 survivors (4096K)
 Metaspace       used 20732K, capacity 21166K, committed 21296K, reserved 1069056K
  class space    used 2206K, capacity 2368K, committed 2432K, reserved 1048576K
}
Event: 0.991 GC heap after
{Heap after GC invocations=2 (full 0):
 garbage-first heap   total 522240K, used 6939K [0x0000000603a00000, 0x0000000800000000)
  region size 2048K, 3 young (6144K), 3 survivors (6144K)
 Metaspace       used 20732K, capacity 21166K, committed 21296K, reserved 1069056K
  class space    used 2206K, capacity 2368K, committed 2432K, reserved 1048576K
}
Event: 1.277 GC heap before
{Heap before GC invocations=3 (full 0):
 garbage-first heap   total 522240K, used 49947K [0x0000000603a00000, 0x0000000800000000)
  region size 2048K, 24 young (49152K), 3 survivors (6144K)
 Metaspace       used 28710K, capacity 29355K, committed 29488K, reserved 1075200K
  class space    used 3355K, capacity 3596K, committed 3712K, reserved 1048576K
}
Event: 1.280 GC heap after
{Heap after GC invocations=4 (full 0):
 garbage-first heap   total 522240K, used 8781K [0x0000000603a00000, 0x0000000800000000)
  region size 2048K, 2 young (4096K), 2 survivors (4096K)
 Metaspace       used 28710K, capacity 29355K, committed 29488K, reserved 1075200K
  class space    used 3355K, capacity 3596K, committed 3712K, reserved 1048576K
}
Event: 1.840 GC heap before
{Heap before GC invocations=4 (full 0):
 garbage-first heap   total 522240K, used 66125K [0x0000000603a00000, 0x0000000800000000)
  region size 2048K, 31 young (63488K), 2 survivors (4096K)
 Metaspace       used 34948K, capacity 35790K, committed 35888K, reserved 1081344K
  class space    used 4136K, capacity 4449K, committed 4480K, reserved 1048576K
}
Event: 1.845 GC heap after
{Heap after GC invocations=5 (full 0):
 garbage-first heap   total 522240K, used 11577K [0x0000000603a00000, 0x0000000800000000)
  region size 2048K, 4 young (8192K), 4 survivors (8192K)
 Metaspace       used 34948K, capacity 35790K, committed 35888K, reserved 1081344K
  class space    used 4136K, capacity 4449K, committed 4480K, reserved 1048576K
}
Event: 2.973 GC heap before
{Heap before GC invocations=6 (full 0):
 garbage-first heap   total 522240K, used 103737K [0x0000000603a00000, 0x0000000800000000)
  region size 2048K, 49 young (100352K), 4 survivors (8192K)
 Metaspace       used 48707K, capacity 50004K, committed 50096K, reserved 1093632K
  class space    used 5789K, capacity 6316K, committed 6400K, reserved 1048576K
}
Event: 2.980 GC heap after
{Heap after GC invocations=7 (full 0):
 garbage-first heap   total 522240K, used 18538K [0x0000000603a00000, 0x0000000800000000)
  region size 2048K, 7 young (14336K), 7 survivors (14336K)
 Metaspace       used 48707K, capacity 50004K, committed 50096K, reserved 1093632K
  class space    used 5789K, capacity 6316K, committed 6400K, reserved 1048576K
}

